[05-11 05:00:58]: [INFO] Created column 'regdate' and set the current timestamp, 1746939658381, to all 0 rows
[05-11 05:00:58]: [INFO] SQLite Setup finished
[05-11 05:00:58]: [INFO] Hooked into LuckPerms!
[05-11 05:00:58]: [INFO] 
    ___         __  __    __  ___   
   /   | __  __/ /_/ /_  /  |/  /__ 
  / /| |/ / / / __/ __ \/ /|_/ / _ \
 / ___ / /_/ / /_/ / / / /  / /  __/
/_/  |_\__,_/\__/_/ /_/_/  /_/\___/ 
                                    
[05-11 05:00:58]: [INFO] AuthMeReReloaded is running on Paper
[05-11 05:00:58]: [INFO] AuthMeReReloaded is enabled successfully!
[05-11 05:00:58]: [INFO] GitHub: https://github.com/HaHaWTH/AuthMeReReloaded/
[05-11 05:00:58]: [INFO] Checking for updates...
[05-11 05:00:59]: [INFO] You are running the latest version.
[05-11 05:03:13]: [INFO:FINE] JWD9 registered 0:0:0:0:0:0:0:1%0
[05-11 05:03:13]: [INFO:FINE] JWD9 logged in 0:0:0:0:0:0:0:1%0
[05-11 05:03:52]: [INFO:FINE] DefNot registered 0:0:0:0:0:0:0:1%0
[05-11 05:03:52]: [INFO:FINE] DefNot logged in 0:0:0:0:0:0:0:1%0
[05-11 05:10:17]: [INFO:FINE] JWD9 logged in 0:0:0:0:0:0:0:1%0
[05-11 05:11:44]: [INFO] AuthMe 5.7.0-FORK-b53 is unloaded successfully!
[05-11 05:12:31]: [INFO] SQLite Setup finished
[05-11 05:12:31]: [INFO] Hooked into LuckPerms!
[05-11 05:12:31]: [INFO] 
    ___         __  __    __  ___   
   /   | __  __/ /_/ /_  /  |/  /__ 
  / /| |/ / / / __/ __ \/ /|_/ / _ \
 / ___ / /_/ / /_/ / / / /  / /  __/
/_/  |_\__,_/\__/_/ /_/_/  /_/\___/ 
                                    
[05-11 05:12:31]: [INFO] AuthMeReReloaded is running on Paper
[05-11 05:12:31]: [INFO] AuthMeReReloaded is enabled successfully!
[05-11 05:12:31]: [INFO] GitHub: https://github.com/HaHaWTH/AuthMeReReloaded/
[05-11 05:12:31]: [INFO] Checking for updates...
[05-11 05:12:32]: [INFO] You are running the latest version.
[05-11 05:12:48]: [INFO:FINE] DefNot logged in 0:0:0:0:0:0:0:1%0
[05-11 05:12:57]: [INFO:FINE] JWD9 logged in 0:0:0:0:0:0:0:1%0
[05-11 05:14:30]: [INFO] AuthMe 5.7.0-FORK-b53 is unloaded successfully!
[05-11 05:15:06]: [INFO] SQLite Setup finished
[05-11 05:15:06]: [INFO] Hooked into LuckPerms!
[05-11 05:15:06]: [INFO] 
    ___         __  __    __  ___   
   /   | __  __/ /_/ /_  /  |/  /__ 
  / /| |/ / / / __/ __ \/ /|_/ / _ \
 / ___ / /_/ / /_/ / / / /  / /  __/
/_/  |_\__,_/\__/_/ /_/_/  /_/\___/ 
                                    
[05-11 05:15:06]: [INFO] AuthMeReReloaded is running on Paper
[05-11 05:15:06]: [INFO] AuthMeReReloaded is enabled successfully!
[05-11 05:15:06]: [INFO] GitHub: https://github.com/HaHaWTH/AuthMeReReloaded/
[05-11 05:15:06]: [INFO] Checking for updates...
[05-11 05:15:06]: [INFO] You are running the latest version.
[05-11 05:15:18]: [INFO:FINE] JWD9 logged in 0:0:0:0:0:0:0:1%0
[05-11 05:15:55]: [INFO:FINE] DefNot logged in 0:0:0:0:0:0:0:1%0
[05-11 05:26:35]: [INFO] AuthMe 5.7.0-FORK-b53 is unloaded successfully!
[05-11 05:26:54]: [INFO] SQLite Setup finished
[05-11 05:26:54]: [INFO] Hooked into LuckPerms!
[05-11 05:26:54]: [INFO] 
    ___         __  __    __  ___   
   /   | __  __/ /_/ /_  /  |/  /__ 
  / /| |/ / / / __/ __ \/ /|_/ / _ \
 / ___ / /_/ / /_/ / / / /  / /  __/
/_/  |_\__,_/\__/_/ /_/_/  /_/\___/ 
                                    
[05-11 05:26:54]: [INFO] AuthMeReReloaded is running on Paper
[05-11 05:26:54]: [INFO] AuthMeReReloaded is enabled successfully!
[05-11 05:26:54]: [INFO] GitHub: https://github.com/HaHaWTH/AuthMeReReloaded/
[05-11 05:26:54]: [INFO] Checking for updates...
[05-11 05:26:55]: [INFO] You are running the latest version.
[05-11 05:27:14]: [INFO:FINE] DefNot logged in 0:0:0:0:0:0:0:1%0
[05-11 05:28:01]: [INFO:FINE] JWD9 logged in 0:0:0:0:0:0:0:1%0
[05-11 05:33:44]: [INFO] AuthMe 5.7.0-FORK-b53 is unloaded successfully!
[05-11 05:34:12]: [INFO] SQLite Setup finished
[05-11 05:34:12]: [INFO] Hooked into LuckPerms!
[05-11 05:34:12]: [INFO] 
    ___         __  __    __  ___   
   /   | __  __/ /_/ /_  /  |/  /__ 
  / /| |/ / / / __/ __ \/ /|_/ / _ \
 / ___ / /_/ / /_/ / / / /  / /  __/
/_/  |_\__,_/\__/_/ /_/_/  /_/\___/ 
                                    
[05-11 05:34:12]: [INFO] AuthMeReReloaded is running on Paper
[05-11 05:34:12]: [INFO] AuthMeReReloaded is enabled successfully!
[05-11 05:34:12]: [INFO] GitHub: https://github.com/HaHaWTH/AuthMeReReloaded/
[05-11 05:34:12]: [INFO] Checking for updates...
[05-11 05:34:13]: [INFO] You are running the latest version.
[05-11 05:34:17]: [INFO:FINE] JWD9 logged in 0:0:0:0:0:0:0:1%0
[05-11 05:34:30]: [INFO:FINE] DefNot logged in 0:0:0:0:0:0:0:1%0
[05-11 05:39:19]: [INFO] AuthMe 5.7.0-FORK-b53 is unloaded successfully!
[05-11 05:40:07]: [INFO] SQLite Setup finished
[05-11 05:40:07]: [INFO] Hooked into LuckPerms!
[05-11 05:40:07]: [INFO] 
    ___         __  __    __  ___   
   /   | __  __/ /_/ /_  /  |/  /__ 
  / /| |/ / / / __/ __ \/ /|_/ / _ \
 / ___ / /_/ / /_/ / / / /  / /  __/
/_/  |_\__,_/\__/_/ /_/_/  /_/\___/ 
                                    
[05-11 05:40:07]: [INFO] AuthMeReReloaded is running on Paper
[05-11 05:40:07]: [INFO] AuthMeReReloaded is enabled successfully!
[05-11 05:40:07]: [INFO] GitHub: https://github.com/HaHaWTH/AuthMeReReloaded/
[05-11 05:40:07]: [INFO] Checking for updates...
[05-11 05:40:08]: [INFO] You are running the latest version.
[05-11 05:40:19]: [INFO:FINE] JWD9 logged in 0:0:0:0:0:0:0:1%0
[05-11 05:40:39]: [INFO:FINE] DefNot logged in 0:0:0:0:0:0:0:1%0
[05-11 05:44:09]: [INFO:FINE] hielelel registered 0:0:0:0:0:0:0:1%0
[05-11 05:44:09]: [INFO:FINE] hielelel logged in 0:0:0:0:0:0:0:1%0
[05-11 05:48:42]: [INFO:FINE] DefNot logged in 0:0:0:0:0:0:0:1%0
[05-11 05:49:06]: [INFO] AuthMe 5.7.0-FORK-b53 is unloaded successfully!
[05-11 05:49:22]: [INFO] SQLite Setup finished
[05-11 05:49:22]: [INFO] Hooked into LuckPerms!
[05-11 05:49:23]: [INFO] 
    ___         __  __    __  ___   
   /   | __  __/ /_/ /_  /  |/  /__ 
  / /| |/ / / / __/ __ \/ /|_/ / _ \
 / ___ / /_/ / /_/ / / / /  / /  __/
/_/  |_\__,_/\__/_/ /_/_/  /_/\___/ 
                                    
[05-11 05:49:23]: [INFO] AuthMeReReloaded is running on Paper
[05-11 05:49:23]: [INFO] AuthMeReReloaded is enabled successfully!
[05-11 05:49:23]: [INFO] GitHub: https://github.com/HaHaWTH/AuthMeReReloaded/
[05-11 05:49:23]: [INFO] Checking for updates...
[05-11 05:49:23]: [INFO] You are running the latest version.
[05-11 05:50:22]: [INFO] AuthMe 5.7.0-FORK-b53 is unloaded successfully!
[05-11 05:50:39]: [INFO] SQLite Setup finished
[05-11 05:50:39]: [INFO] Hooked into LuckPerms!
[05-11 05:50:39]: [INFO] 
    ___         __  __    __  ___   
   /   | __  __/ /_/ /_  /  |/  /__ 
  / /| |/ / / / __/ __ \/ /|_/ / _ \
 / ___ / /_/ / /_/ / / / /  / /  __/
/_/  |_\__,_/\__/_/ /_/_/  /_/\___/ 
                                    
[05-11 05:50:39]: [INFO] AuthMeReReloaded is running on Paper
[05-11 05:50:39]: [INFO] AuthMeReReloaded is enabled successfully!
[05-11 05:50:39]: [INFO] GitHub: https://github.com/HaHaWTH/AuthMeReReloaded/
[05-11 05:50:39]: [INFO] Checking for updates...
[05-11 05:50:40]: [INFO] You are running the latest version.
[05-11 05:50:59]: [INFO:FINE] DefNot logged in 0:0:0:0:0:0:0:1%0
[05-11 05:55:24]: [INFO:FINE] JWD9 logged in 0:0:0:0:0:0:0:1%0
[05-12 03:48:58]: [INFO] SQLite Setup finished
[05-12 03:48:58]: [INFO] Hooked into LuckPerms!
[05-12 03:48:59]: [INFO] 
    ___         __  __    __  ___   
   /   | __  __/ /_/ /_  /  |/  /__ 
  / /| |/ / / / __/ __ \/ /|_/ / _ \
 / ___ / /_/ / /_/ / / / /  / /  __/
/_/  |_\__,_/\__/_/ /_/_/  /_/\___/ 
                                    
[05-12 03:48:59]: [INFO] AuthMeReReloaded is running on Paper
[05-12 03:48:59]: [INFO] AuthMeReReloaded is enabled successfully!
[05-12 03:48:59]: [INFO] GitHub: https://github.com/HaHaWTH/AuthMeReReloaded/
[05-12 03:48:59]: [INFO] Checking for updates...
[05-12 03:49:00]: [INFO] You are running the latest version.
[05-12 03:53:42]: [INFO] AuthMe 5.7.0-FORK-b53 is unloaded successfully!
[05-12 03:55:54]: [INFO] SQLite Setup finished
[05-12 03:55:54]: [INFO] Hooked into LuckPerms!
[05-12 03:55:54]: [INFO] 
    ___         __  __    __  ___   
   /   | __  __/ /_/ /_  /  |/  /__ 
  / /| |/ / / / __/ __ \/ /|_/ / _ \
 / ___ / /_/ / /_/ / / / /  / /  __/
/_/  |_\__,_/\__/_/ /_/_/  /_/\___/ 
                                    
[05-12 03:55:54]: [INFO] AuthMeReReloaded is running on Paper
[05-12 03:55:54]: [INFO] AuthMeReReloaded is enabled successfully!
[05-12 03:55:54]: [INFO] GitHub: https://github.com/HaHaWTH/AuthMeReReloaded/
[05-12 03:55:54]: [INFO] Checking for updates...
[05-12 03:55:55]: [INFO] You are running the latest version.
[05-12 03:59:07]: [INFO:FINE] JWD9 logged in 0:0:0:0:0:0:0:1%0
[05-12 03:59:16]: [INFO:FINE] DefNot logged in 0:0:0:0:0:0:0:1%0
[05-12 03:59:35]: [INFO:FINE] JWD9 logged in 0:0:0:0:0:0:0:1%0
[05-12 04:03:51]: [INFO:FINE] DefNot logged in 0:0:0:0:0:0:0:1%0
[05-12 04:06:36]: [INFO:FINE] JWD9 logged in 0:0:0:0:0:0:0:1%0
[05-12 04:07:19]: [INFO:FINE] JWD9 logged in 0:0:0:0:0:0:0:1%0
[05-12 04:13:34]: [INFO] AuthMe 5.7.0-FORK-b53 is unloaded successfully!
[05-12 04:13:49]: [INFO] SQLite Setup finished
[05-12 04:13:49]: [INFO] Hooked into LuckPerms!
[05-12 04:13:49]: [INFO] 
    ___         __  __    __  ___   
   /   | __  __/ /_/ /_  /  |/  /__ 
  / /| |/ / / / __/ __ \/ /|_/ / _ \
 / ___ / /_/ / /_/ / / / /  / /  __/
/_/  |_\__,_/\__/_/ /_/_/  /_/\___/ 
                                    
[05-12 04:13:49]: [INFO] AuthMeReReloaded is running on Paper
[05-12 04:13:49]: [INFO] AuthMeReReloaded is enabled successfully!
[05-12 04:13:49]: [INFO] GitHub: https://github.com/HaHaWTH/AuthMeReReloaded/
[05-12 04:13:49]: [INFO] Checking for updates...
[05-12 04:13:50]: [INFO] You are running the latest version.
[05-12 04:13:59]: [INFO:FINE] DefNot logged in 0:0:0:0:0:0:0:1%0
[05-12 04:22:30]: [INFO] AuthMe 5.7.0-FORK-b53 is unloaded successfully!
[05-12 04:22:49]: [INFO] SQLite Setup finished
[05-12 04:22:49]: [INFO] Hooked into LuckPerms!
[05-12 04:22:49]: [INFO] 
    ___         __  __    __  ___   
   /   | __  __/ /_/ /_  /  |/  /__ 
  / /| |/ / / / __/ __ \/ /|_/ / _ \
 / ___ / /_/ / /_/ / / / /  / /  __/
/_/  |_\__,_/\__/_/ /_/_/  /_/\___/ 
                                    
[05-12 04:22:49]: [INFO] AuthMeReReloaded is running on Paper
[05-12 04:22:49]: [INFO] AuthMeReReloaded is enabled successfully!
[05-12 04:22:49]: [INFO] GitHub: https://github.com/HaHaWTH/AuthMeReReloaded/
[05-12 04:22:49]: [INFO] Checking for updates...
[05-12 04:22:50]: [INFO] You are running the latest version.
[05-12 04:23:02]: [INFO:FINE] DefNot logged in 0:0:0:0:0:0:0:1%0
[05-12 04:28:14]: [INFO] AuthMe 5.7.0-FORK-b53 is unloaded successfully!
[05-12 04:28:58]: [INFO] SQLite Setup finished
[05-12 04:28:58]: [INFO] Hooked into LuckPerms!
[05-12 04:28:59]: [INFO] 
    ___         __  __    __  ___   
   /   | __  __/ /_/ /_  /  |/  /__ 
  / /| |/ / / / __/ __ \/ /|_/ / _ \
 / ___ / /_/ / /_/ / / / /  / /  __/
/_/  |_\__,_/\__/_/ /_/_/  /_/\___/ 
                                    
[05-12 04:28:59]: [INFO] AuthMeReReloaded is running on Paper
[05-12 04:28:59]: [INFO] AuthMeReReloaded is enabled successfully!
[05-12 04:28:59]: [INFO] GitHub: https://github.com/HaHaWTH/AuthMeReReloaded/
[05-12 04:28:59]: [INFO] Checking for updates...
[05-12 04:29:00]: [INFO] You are running the latest version.
[05-12 04:29:01]: [INFO:FINE] DefNot logged in 0:0:0:0:0:0:0:1%0
[05-12 04:29:13]: [INFO:FINE] JWD9 logged in 0:0:0:0:0:0:0:1%0
[05-12 04:31:00]: [INFO:FINE] JWD9 logged in 0:0:0:0:0:0:0:1%0
[05-12 04:37:08]: [INFO:FINE] JamalWitDa8 registered 0:0:0:0:0:0:0:1%0
[05-12 04:37:08]: [INFO:FINE] JamalWitDa8 logged in 0:0:0:0:0:0:0:1%0
[05-12 04:46:34]: [INFO:FINE] DefNot logged in 0:0:0:0:0:0:0:1%0
[05-12 04:53:15]: [INFO] AuthMe 5.7.0-FORK-b53 is unloaded successfully!
[05-12 04:54:12]: [INFO] SQLite Setup finished
[05-12 04:54:12]: [INFO] Hooked into LuckPerms!
[05-12 04:54:12]: [INFO] 
    ___         __  __    __  ___   
   /   | __  __/ /_/ /_  /  |/  /__ 
  / /| |/ / / / __/ __ \/ /|_/ / _ \
 / ___ / /_/ / /_/ / / / /  / /  __/
/_/  |_\__,_/\__/_/ /_/_/  /_/\___/ 
                                    
[05-12 04:54:12]: [INFO] AuthMeReReloaded is running on Paper
[05-12 04:54:12]: [INFO] AuthMeReReloaded is enabled successfully!
[05-12 04:54:12]: [INFO] GitHub: https://github.com/HaHaWTH/AuthMeReReloaded/
[05-12 04:54:12]: [INFO] Checking for updates...
[05-12 04:54:13]: [INFO] You are running the latest version.
[05-12 04:54:18]: [INFO:FINE] JamalWitDa8 logged in 0:0:0:0:0:0:0:1%0
[05-12 04:54:34]: [INFO:FINE] DefNot logged in 0:0:0:0:0:0:0:1%0
[05-12 05:09:37]: [INFO] AuthMe 5.7.0-FORK-b53 is unloaded successfully!
[05-12 05:09:56]: [INFO] SQLite Setup finished
[05-12 05:09:56]: [INFO] Hooked into LuckPerms!
[05-12 05:09:57]: [INFO] 
    ___         __  __    __  ___   
   /   | __  __/ /_/ /_  /  |/  /__ 
  / /| |/ / / / __/ __ \/ /|_/ / _ \
 / ___ / /_/ / /_/ / / / /  / /  __/
/_/  |_\__,_/\__/_/ /_/_/  /_/\___/ 
                                    
[05-12 05:09:57]: [INFO] AuthMeReReloaded is running on Paper
[05-12 05:09:57]: [INFO] AuthMeReReloaded is enabled successfully!
[05-12 05:09:57]: [INFO] GitHub: https://github.com/HaHaWTH/AuthMeReReloaded/
[05-12 05:09:57]: [INFO] Checking for updates...
[05-12 05:09:58]: [INFO] You are running the latest version.
[05-12 05:10:11]: [INFO:FINE] DefNot logged in 0:0:0:0:0:0:0:1%0
[05-12 05:12:24]: [INFO:FINE] JamalWitDa8 logged in 0:0:0:0:0:0:0:1%0
[05-12 05:16:30]: [INFO] AuthMe 5.7.0-FORK-b53 is unloaded successfully!
[05-12 05:16:48]: [INFO] SQLite Setup finished
[05-12 05:16:48]: [INFO] Hooked into LuckPerms!
[05-12 05:16:48]: [INFO] 
    ___         __  __    __  ___   
   /   | __  __/ /_/ /_  /  |/  /__ 
  / /| |/ / / / __/ __ \/ /|_/ / _ \
 / ___ / /_/ / /_/ / / / /  / /  __/
/_/  |_\__,_/\__/_/ /_/_/  /_/\___/ 
                                    
[05-12 05:16:48]: [INFO] AuthMeReReloaded is running on Paper
[05-12 05:16:48]: [INFO] AuthMeReReloaded is enabled successfully!
[05-12 05:16:48]: [INFO] GitHub: https://github.com/HaHaWTH/AuthMeReReloaded/
[05-12 05:16:48]: [INFO] Checking for updates...
[05-12 05:16:49]: [INFO] You are running the latest version.
[05-12 05:16:53]: [INFO:FINE] JamalWitDa8 logged in 0:0:0:0:0:0:0:1%0
[05-12 05:17:09]: [INFO:FINE] DefNot logged in 0:0:0:0:0:0:0:1%0
[05-12 05:22:23]: [INFO:FINE] DefNot logged in 0:0:0:0:0:0:0:1%0
[05-12 05:23:02]: [INFO] AuthMe 5.7.0-FORK-b53 is unloaded successfully!
[05-12 05:23:21]: [INFO] SQLite Setup finished
[05-12 05:23:21]: [INFO] Hooked into LuckPerms!
[05-12 05:23:22]: [INFO] 
    ___         __  __    __  ___   
   /   | __  __/ /_/ /_  /  |/  /__ 
  / /| |/ / / / __/ __ \/ /|_/ / _ \
 / ___ / /_/ / /_/ / / / /  / /  __/
/_/  |_\__,_/\__/_/ /_/_/  /_/\___/ 
                                    
[05-12 05:23:22]: [INFO] AuthMeReReloaded is running on Paper
[05-12 05:23:22]: [INFO] AuthMeReReloaded is enabled successfully!
[05-12 05:23:22]: [INFO] GitHub: https://github.com/HaHaWTH/AuthMeReReloaded/
[05-12 05:23:22]: [INFO] Checking for updates...
[05-12 05:23:23]: [INFO] You are running the latest version.
[05-12 05:26:01]: [INFO:FINE] DefNot logged in 0:0:0:0:0:0:0:1%0
[05-12 05:31:00]: [INFO] AuthMe 5.7.0-FORK-b53 is unloaded successfully!
[05-12 05:31:35]: [INFO] SQLite Setup finished
[05-12 05:31:35]: [INFO] Hooked into LuckPerms!
[05-12 05:31:36]: [INFO] 
    ___         __  __    __  ___   
   /   | __  __/ /_/ /_  /  |/  /__ 
  / /| |/ / / / __/ __ \/ /|_/ / _ \
 / ___ / /_/ / /_/ / / / /  / /  __/
/_/  |_\__,_/\__/_/ /_/_/  /_/\___/ 
                                    
[05-12 05:31:36]: [INFO] AuthMeReReloaded is running on Paper
[05-12 05:31:36]: [INFO] AuthMeReReloaded is enabled successfully!
[05-12 05:31:36]: [INFO] GitHub: https://github.com/HaHaWTH/AuthMeReReloaded/
[05-12 05:31:36]: [INFO] Checking for updates...
[05-12 05:31:36]: [INFO] You are running the latest version.
[05-12 05:31:43]: [INFO:FINE] DefNot logged in 0:0:0:0:0:0:0:1%0
[05-12 05:31:53]: [INFO:FINE] JamalWitDa8 logged in 0:0:0:0:0:0:0:1%0
[05-12 05:33:37]: [INFO] AuthMe 5.7.0-FORK-b53 is unloaded successfully!
[05-12 05:33:55]: [INFO] SQLite Setup finished
[05-12 05:33:56]: [INFO] Hooked into LuckPerms!
[05-12 05:33:56]: [INFO] 
    ___         __  __    __  ___   
   /   | __  __/ /_/ /_  /  |/  /__ 
  / /| |/ / / / __/ __ \/ /|_/ / _ \
 / ___ / /_/ / /_/ / / / /  / /  __/
/_/  |_\__,_/\__/_/ /_/_/  /_/\___/ 
                                    
[05-12 05:33:56]: [INFO] AuthMeReReloaded is running on Paper
[05-12 05:33:56]: [INFO] AuthMeReReloaded is enabled successfully!
[05-12 05:33:56]: [INFO] GitHub: https://github.com/HaHaWTH/AuthMeReReloaded/
[05-12 05:33:56]: [INFO] Checking for updates...
[05-12 05:33:58]: [INFO] You are running the latest version.
[05-12 05:33:59]: [INFO:FINE] JamalWitDa8 logged in 0:0:0:0:0:0:0:1%0
[05-12 05:34:04]: [INFO:FINE] DefNot logged in 0:0:0:0:0:0:0:1%0
[05-12 05:37:00]: [INFO] AuthMe 5.7.0-FORK-b53 is unloaded successfully!
[05-12 05:37:29]: [INFO] SQLite Setup finished
[05-12 05:37:29]: [INFO] Hooked into LuckPerms!
[05-12 05:37:30]: [INFO] 
    ___         __  __    __  ___   
   /   | __  __/ /_/ /_  /  |/  /__ 
  / /| |/ / / / __/ __ \/ /|_/ / _ \
 / ___ / /_/ / /_/ / / / /  / /  __/
/_/  |_\__,_/\__/_/ /_/_/  /_/\___/ 
                                    
[05-12 05:37:30]: [INFO] AuthMeReReloaded is running on Paper
[05-12 05:37:30]: [INFO] AuthMeReReloaded is enabled successfully!
[05-12 05:37:30]: [INFO] GitHub: https://github.com/HaHaWTH/AuthMeReReloaded/
[05-12 05:37:30]: [INFO] Checking for updates...
[05-12 05:37:31]: [INFO] You are running the latest version.
[05-12 05:37:32]: [WARN] Player 'DefNot' wasn't online during login process, aborted...
[05-12 05:38:11]: [INFO:FINE] JamalWitDa8 logged in 0:0:0:0:0:0:0:1%0
[05-12 05:48:58]: [INFO:FINE] JamalWitDa8 logged in 0:0:0:0:0:0:0:1%0
[05-12 05:52:24]: [INFO:FINE] JamalWitDa8 logged in 0:0:0:0:0:0:0:1%0
[05-13 21:49:37]: [INFO] SQLite Setup finished
[05-13 21:49:37]: [INFO] Hooked into LuckPerms!
[05-13 21:49:38]: [INFO] 
    ___         __  __    __  ___   
   /   | __  __/ /_/ /_  /  |/  /__ 
  / /| |/ / / / __/ __ \/ /|_/ / _ \
 / ___ / /_/ / /_/ / / / /  / /  __/
/_/  |_\__,_/\__/_/ /_/_/  /_/\___/ 
                                    
[05-13 21:49:38]: [INFO] AuthMeReReloaded is running on Paper
[05-13 21:49:38]: [INFO] AuthMeReReloaded is enabled successfully!
[05-13 21:49:38]: [INFO] GitHub: https://github.com/HaHaWTH/AuthMeReReloaded/
[05-13 21:49:38]: [INFO] Checking for updates...
[05-13 21:49:39]: [INFO] You are running the latest version.
[05-13 21:58:49]: [INFO] AuthMe 5.7.0-FORK-b53 is unloaded successfully!
[05-13 21:59:11]: [INFO] SQLite Setup finished
[05-13 21:59:11]: [INFO] Hooked into LuckPerms!
[05-13 21:59:12]: [INFO] 
    ___         __  __    __  ___   
   /   | __  __/ /_/ /_  /  |/  /__ 
  / /| |/ / / / __/ __ \/ /|_/ / _ \
 / ___ / /_/ / /_/ / / / /  / /  __/
/_/  |_\__,_/\__/_/ /_/_/  /_/\___/ 
                                    
[05-13 21:59:12]: [INFO] AuthMeReReloaded is running on Paper
[05-13 21:59:12]: [INFO] AuthMeReReloaded is enabled successfully!
[05-13 21:59:12]: [INFO] GitHub: https://github.com/HaHaWTH/AuthMeReReloaded/
[05-13 21:59:12]: [INFO] Checking for updates...
[05-13 21:59:13]: [INFO] You are running the latest version.
[05-13 21:59:33]: [INFO:FINE] JWD9 logged in 0:0:0:0:0:0:0:1%0
[05-13 21:59:54]: [INFO:FINE] JWD9 logged in 0:0:0:0:0:0:0:1%0
[05-13 22:00:09]: [INFO:FINE] JWD9 logged in 0:0:0:0:0:0:0:1%0
[05-13 22:00:18]: [INFO:FINE] JWD9 logged in 0:0:0:0:0:0:0:1%0
[05-13 22:02:13]: [INFO:FINE] whoisdev registered 0:0:0:0:0:0:0:1%0
[05-13 22:02:13]: [INFO:FINE] whoisdev logged in 0:0:0:0:0:0:0:1%0
[05-13 22:02:23]: [INFO:FINE] JWD9 logged in 0:0:0:0:0:0:0:1%0
[05-13 22:08:39]: [INFO:FINE] DefNot logged in 0:0:0:0:0:0:0:1%0
[05-13 22:12:12]: [INFO:FINE] 1334_o1 registered 0:0:0:0:0:0:0:1%0
[05-13 22:12:12]: [INFO:FINE] 1334_o1 logged in 0:0:0:0:0:0:0:1%0
[05-13 22:13:00]: [INFO:FINE] DefNot logged in 0:0:0:0:0:0:0:1%0
[05-13 22:17:01]: [INFO] AuthMe 5.7.0-FORK-b53 is unloaded successfully!
[05-13 22:17:20]: [INFO] SQLite Setup finished
[05-13 22:17:21]: [INFO] Hooked into LuckPerms!
[05-13 22:17:21]: [INFO] Hooked successfully into Essentials
[05-13 22:17:21]: [INFO] Essentials spawn file not found: '/workspaces/Eaglercraft-1.12-Server-Hosting/server/plugins/Essentials/spawn.yml'
[05-13 22:17:21]: [INFO] 
    ___         __  __    __  ___   
   /   | __  __/ /_/ /_  /  |/  /__ 
  / /| |/ / / / __/ __ \/ /|_/ / _ \
 / ___ / /_/ / /_/ / / / /  / /  __/
/_/  |_\__,_/\__/_/ /_/_/  /_/\___/ 
                                    
[05-13 22:17:21]: [INFO] AuthMeReReloaded is running on Paper
[05-13 22:17:21]: [INFO] AuthMeReReloaded is enabled successfully!
[05-13 22:17:21]: [INFO] GitHub: https://github.com/HaHaWTH/AuthMeReReloaded/
[05-13 22:17:21]: [INFO] Checking for updates...
[05-13 22:17:22]: [INFO] You are running the latest version.
[05-13 22:17:29]: [INFO:FINE] JWD9 logged in 0:0:0:0:0:0:0:1%0
[05-13 22:17:33]: [INFO:FINE] whoisdev logged in 0:0:0:0:0:0:0:1%0
[05-13 22:17:41]: [INFO:FINE] DefNot logged in 0:0:0:0:0:0:0:1%0
[05-13 22:29:36]: [INFO:FINE] DefNot logged in 0:0:0:0:0:0:0:1%0
[05-13 22:43:56]: [INFO:FINE] whoisdev logged in 0:0:0:0:0:0:0:1%0
[05-13 22:48:27]: [INFO:FINE] whoisdev_ registered 0:0:0:0:0:0:0:1%0
[05-13 22:48:27]: [INFO:FINE] whoisdev_ logged in 0:0:0:0:0:0:0:1%0
[05-13 22:53:16]: [INFO:FINE] DefNot logged in 0:0:0:0:0:0:0:1%0
[05-13 22:59:02]: [INFO] AuthMe 5.7.0-FORK-b53 is unloaded successfully!
[05-13 23:08:38]: [INFO] SQLite Setup finished
[05-13 23:08:38]: [INFO] Hooked into LuckPerms!
[05-13 23:08:38]: [INFO] Hooked successfully into Essentials
[05-13 23:08:38]: [INFO] Essentials spawn file not found: '/workspaces/Eaglercraft-1.12-Server-Hosting/server/plugins/Essentials/spawn.yml'
[05-13 23:08:38]: [INFO] 
    ___         __  __    __  ___   
   /   | __  __/ /_/ /_  /  |/  /__ 
  / /| |/ / / / __/ __ \/ /|_/ / _ \
 / ___ / /_/ / /_/ / / / /  / /  __/
/_/  |_\__,_/\__/_/ /_/_/  /_/\___/ 
                                    
[05-13 23:08:38]: [INFO] AuthMeReReloaded is running on Paper
[05-13 23:08:38]: [INFO] AuthMeReReloaded is enabled successfully!
[05-13 23:08:38]: [INFO] GitHub: https://github.com/HaHaWTH/AuthMeReReloaded/
[05-13 23:08:38]: [INFO] Checking for updates...
[05-13 23:08:39]: [INFO] You are running the latest version.
[05-13 23:08:43]: [INFO:FINE] DefNot logged in 0:0:0:0:0:0:0:1%0
[05-13 23:08:49]: [INFO:FINE] JWD9 logged in 0:0:0:0:0:0:0:1%0
[05-13 23:10:24]: [INFO:FINE] JWD9 logged in 0:0:0:0:0:0:0:1%0
[05-13 23:18:52]: [INFO:FINE] DefNot logged in 0:0:0:0:0:0:0:1%0
[05-13 23:21:34]: [INFO] AuthMe 5.7.0-FORK-b53 is unloaded successfully!
[05-13 23:21:52]: [INFO] SQLite Setup finished
[05-13 23:21:53]: [INFO] Hooked into LuckPerms!
[05-13 23:21:53]: [INFO] Hooked successfully into Essentials
[05-13 23:21:53]: [INFO] Essentials spawn file not found: '/workspaces/Eaglercraft-1.12-Server-Hosting/server/plugins/Essentials/spawn.yml'
[05-13 23:21:53]: [INFO] 
    ___         __  __    __  ___   
   /   | __  __/ /_/ /_  /  |/  /__ 
  / /| |/ / / / __/ __ \/ /|_/ / _ \
 / ___ / /_/ / /_/ / / / /  / /  __/
/_/  |_\__,_/\__/_/ /_/_/  /_/\___/ 
                                    
[05-13 23:21:53]: [INFO] AuthMeReReloaded is running on Paper
[05-13 23:21:53]: [INFO] AuthMeReReloaded is enabled successfully!
[05-13 23:21:53]: [INFO] GitHub: https://github.com/HaHaWTH/AuthMeReReloaded/
[05-13 23:21:53]: [INFO] Checking for updates...
[05-13 23:21:54]: [INFO] You are running the latest version.
[05-13 23:21:56]: [INFO:FINE] JWD9 logged in 0:0:0:0:0:0:0:1%0
[05-13 23:22:03]: [INFO:FINE] DefNot logged in 0:0:0:0:0:0:0:1%0
[05-13 23:23:26]: [INFO] AuthMe 5.7.0-FORK-b53 is unloaded successfully!
[05-13 23:23:45]: [INFO] SQLite Setup finished
[05-13 23:23:45]: [INFO] Hooked into LuckPerms!
[05-13 23:23:45]: [INFO] Hooked successfully into Essentials
[05-13 23:23:45]: [INFO] Essentials spawn file not found: '/workspaces/Eaglercraft-1.12-Server-Hosting/server/plugins/Essentials/spawn.yml'
[05-13 23:23:46]: [INFO] 
    ___         __  __    __  ___   
   /   | __  __/ /_/ /_  /  |/  /__ 
  / /| |/ / / / __/ __ \/ /|_/ / _ \
 / ___ / /_/ / /_/ / / / /  / /  __/
/_/  |_\__,_/\__/_/ /_/_/  /_/\___/ 
                                    
[05-13 23:23:46]: [INFO] AuthMeReReloaded is running on Paper
[05-13 23:23:46]: [INFO] AuthMeReReloaded is enabled successfully!
[05-13 23:23:46]: [INFO] GitHub: https://github.com/HaHaWTH/AuthMeReReloaded/
[05-13 23:23:46]: [INFO] Checking for updates...
[05-13 23:23:46]: [INFO] You are running the latest version.
[05-13 23:23:48]: [INFO:FINE] DefNot logged in 0:0:0:0:0:0:0:1%0
[05-13 23:23:48]: [INFO:FINE] JWD9 logged in 0:0:0:0:0:0:0:1%0
[05-13 23:26:25]: [INFO:FINE] JWD9 logged in 0:0:0:0:0:0:0:1%0
[05-13 23:47:39]: [INFO:FINE] JWD9 logged in 0:0:0:0:0:0:0:1%0
[05-13 23:47:45]: [INFO:FINE] JWD9 logged in 0:0:0:0:0:0:0:1%0
[05-13 23:47:55]: [INFO:FINE] JWD9 logged in 0:0:0:0:0:0:0:1%0
[05-13 23:48:29]: [INFO:FINE] JWD9 logged in 0:0:0:0:0:0:0:1%0
[05-13 23:48:33]: [INFO:FINE] JWD9 logged in 0:0:0:0:0:0:0:1%0
[05-13 23:48:42]: [INFO:FINE] JWD9 logged in 0:0:0:0:0:0:0:1%0
[05-14 22:31:16]: [INFO] SQLite Setup finished
[05-14 22:31:17]: [INFO] Hooked into LuckPerms!
[05-14 22:31:17]: [INFO] Hooked successfully into Essentials
[05-14 22:31:17]: [INFO] Essentials spawn file not found: '/workspaces/Eaglercraft-1.12-Server-Hosting/server/plugins/Essentials/spawn.yml'
[05-14 22:31:17]: [INFO] 
    ___         __  __    __  ___   
   /   | __  __/ /_/ /_  /  |/  /__ 
  / /| |/ / / / __/ __ \/ /|_/ / _ \
 / ___ / /_/ / /_/ / / / /  / /  __/
/_/  |_\__,_/\__/_/ /_/_/  /_/\___/ 
                                    
[05-14 22:31:17]: [INFO] AuthMeReReloaded is running on Paper
[05-14 22:31:17]: [INFO] AuthMeReReloaded is enabled successfully!
[05-14 22:31:17]: [INFO] GitHub: https://github.com/HaHaWTH/AuthMeReReloaded/
[05-14 22:31:17]: [INFO] Checking for updates...
[05-14 22:31:19]: [INFO] You are running the latest version.
[05-14 22:36:44]: [INFO:FINE] JamalWitDa9 registered 0:0:0:0:0:0:0:1%0
[05-14 22:36:44]: [INFO:FINE] JamalWitDa9 logged in 0:0:0:0:0:0:0:1%0
[05-14 22:48:27]: [INFO:FINE] JamalWitDa9 logged in 0:0:0:0:0:0:0:1%0
[05-14 22:55:54]: [INFO:FINE] Andrew_Snyder registered 0:0:0:0:0:0:0:1%0
[05-14 22:55:54]: [INFO:FINE] Andrew_Snyder logged in 0:0:0:0:0:0:0:1%0
[05-15 00:00:07]: [INFO] SQLite Setup finished
[05-15 00:00:07]: [INFO] Hooked into LuckPerms!
[05-15 00:00:07]: [INFO] Hooked successfully into Essentials
[05-15 00:00:08]: [INFO] Essentials spawn file not found: '/workspaces/Eaglercraft-1.12-Server-Hosting/server/plugins/Essentials/spawn.yml'
[05-15 00:00:08]: [INFO] 
    ___         __  __    __  ___   
   /   | __  __/ /_/ /_  /  |/  /__ 
  / /| |/ / / / __/ __ \/ /|_/ / _ \
 / ___ / /_/ / /_/ / / / /  / /  __/
/_/  |_\__,_/\__/_/ /_/_/  /_/\___/ 
                                    
[05-15 00:00:08]: [INFO] AuthMeReReloaded is running on Paper
[05-15 00:00:08]: [INFO] AuthMeReReloaded is enabled successfully!
[05-15 00:00:08]: [INFO] GitHub: https://github.com/HaHaWTH/AuthMeReReloaded/
[05-15 00:00:08]: [INFO] Checking for updates...
[05-15 00:00:09]: [INFO] You are running the latest version.
[05-15 00:02:11]: [INFO:FINE] Andrew_Snyder logged in 0:0:0:0:0:0:0:1%0
[05-15 01:03:29]: [INFO] SQLite Setup finished
[05-15 01:03:29]: [INFO] Hooked into LuckPerms!
[05-15 01:03:29]: [INFO] Hooked successfully into Essentials
[05-15 01:03:29]: [INFO] Essentials spawn file not found: '/workspaces/Eaglercraft-1.12-Server-Hosting/server/plugins/Essentials/spawn.yml'
[05-15 01:03:30]: [INFO] 
    ___         __  __    __  ___   
   /   | __  __/ /_/ /_  /  |/  /__ 
  / /| |/ / / / __/ __ \/ /|_/ / _ \
 / ___ / /_/ / /_/ / / / /  / /  __/
/_/  |_\__,_/\__/_/ /_/_/  /_/\___/ 
                                    
[05-15 01:03:30]: [INFO] AuthMeReReloaded is running on Paper
[05-15 01:03:30]: [INFO] AuthMeReReloaded is enabled successfully!
[05-15 01:03:30]: [INFO] GitHub: https://github.com/HaHaWTH/AuthMeReReloaded/
[05-15 01:03:30]: [INFO] Checking for updates...
[05-15 01:03:32]: [INFO] You are running the latest version.
[05-15 02:13:25]: [INFO:FINE] subto_dbzackeee5 registered 0:0:0:0:0:0:0:1%0
[05-15 02:13:25]: [INFO:FINE] subto_dbzackeee5 logged in 0:0:0:0:0:0:0:1%0
[05-15 02:14:10]: [INFO] AuthMe 5.7.0-FORK-b53 is unloaded successfully!
[05-15 02:14:31]: [INFO] SQLite Setup finished
[05-15 02:14:31]: [INFO] Hooked into LuckPerms!
[05-15 02:14:31]: [INFO] Hooked successfully into Essentials
[05-15 02:14:31]: [INFO] Essentials spawn file not found: '/workspaces/Eaglercraft-1.12-Server-Hosting/server/plugins/Essentials/spawn.yml'
[05-15 02:14:31]: [INFO] 
    ___         __  __    __  ___   
   /   | __  __/ /_/ /_  /  |/  /__ 
  / /| |/ / / / __/ __ \/ /|_/ / _ \
 / ___ / /_/ / /_/ / / / /  / /  __/
/_/  |_\__,_/\__/_/ /_/_/  /_/\___/ 
                                    
[05-15 02:14:31]: [INFO] AuthMeReReloaded is running on Paper
[05-15 02:14:31]: [INFO] AuthMeReReloaded is enabled successfully!
[05-15 02:14:31]: [INFO] GitHub: https://github.com/HaHaWTH/AuthMeReReloaded/
[05-15 02:14:31]: [INFO] Checking for updates...
[05-15 02:14:32]: [INFO] You are running the latest version.
[05-15 02:16:07]: [INFO:FINE] subto_dbzackeee5 logged in 0:0:0:0:0:0:0:1%0
[05-15 02:17:40]: [INFO:FINE] DefNot logged in 0:0:0:0:0:0:0:1%0
[05-15 02:23:25]: [INFO:FINE] subto_dbzackeee5 logged in 0:0:0:0:0:0:0:1%0
[05-15 02:25:58]: [INFO:FINE] DefNot logged in 0:0:0:0:0:0:0:1%0
[05-15 02:30:10]: [INFO] AuthMe 5.7.0-FORK-b53 is unloaded successfully!
[05-15 02:30:32]: [INFO] SQLite Setup finished
[05-15 02:30:32]: [INFO] Hooked into LuckPerms!
[05-15 02:30:32]: [INFO] Hooked successfully into Essentials
[05-15 02:30:32]: [INFO] Essentials spawn file not found: '/workspaces/Eaglercraft-1.12-Server-Hosting/server/plugins/Essentials/spawn.yml'
[05-15 02:30:33]: [INFO] 
    ___         __  __    __  ___   
   /   | __  __/ /_/ /_  /  |/  /__ 
  / /| |/ / / / __/ __ \/ /|_/ / _ \
 / ___ / /_/ / /_/ / / / /  / /  __/
/_/  |_\__,_/\__/_/ /_/_/  /_/\___/ 
                                    
[05-15 02:30:33]: [INFO] AuthMeReReloaded is running on Paper
[05-15 02:30:33]: [INFO] AuthMeReReloaded is enabled successfully!
[05-15 02:30:33]: [INFO] GitHub: https://github.com/HaHaWTH/AuthMeReReloaded/
[05-15 02:30:33]: [INFO] Checking for updates...
[05-15 02:30:33]: [INFO] You are running the latest version.
[05-15 02:30:47]: [INFO:FINE] subto_dbzackeee5 logged in 0:0:0:0:0:0:0:1%0
[05-15 02:30:56]: [INFO:FINE] DefNot logged in 0:0:0:0:0:0:0:1%0
[05-15 02:41:10]: [INFO:FINE] DefNot logged in 0:0:0:0:0:0:0:1%0
[05-15 02:41:16]: [INFO] AuthMe 5.7.0-FORK-b53 is unloaded successfully!
[05-15 02:41:38]: [INFO] SQLite Setup finished
[05-15 02:41:38]: [INFO] Hooked into LuckPerms!
[05-15 02:41:38]: [INFO] Hooked successfully into Essentials
[05-15 02:41:38]: [INFO] Essentials spawn file not found: '/workspaces/Eaglercraft-1.12-Server-Hosting/server/plugins/Essentials/spawn.yml'
[05-15 02:41:38]: [INFO] 
    ___         __  __    __  ___   
   /   | __  __/ /_/ /_  /  |/  /__ 
  / /| |/ / / / __/ __ \/ /|_/ / _ \
 / ___ / /_/ / /_/ / / / /  / /  __/
/_/  |_\__,_/\__/_/ /_/_/  /_/\___/ 
                                    
[05-15 02:41:38]: [INFO] AuthMeReReloaded is running on Paper
[05-15 02:41:38]: [INFO] AuthMeReReloaded is enabled successfully!
[05-15 02:41:38]: [INFO] GitHub: https://github.com/HaHaWTH/AuthMeReReloaded/
[05-15 02:41:38]: [INFO] Checking for updates...
[05-15 02:41:39]: [INFO] You are running the latest version.
[05-15 02:41:40]: [INFO:FINE] DefNot logged in 0:0:0:0:0:0:0:1%0
[05-15 02:42:44]: [INFO] AuthMe 5.7.0-FORK-b53 is unloaded successfully!
[05-15 02:43:04]: [INFO] SQLite Setup finished
[05-15 02:43:05]: [INFO] Hooked into LuckPerms!
[05-15 02:43:05]: [INFO] Hooked successfully into Essentials
[05-15 02:43:05]: [INFO] Essentials spawn file not found: '/workspaces/Eaglercraft-1.12-Server-Hosting/server/plugins/Essentials/spawn.yml'
[05-15 02:43:05]: [INFO] 
    ___         __  __    __  ___   
   /   | __  __/ /_/ /_  /  |/  /__ 
  / /| |/ / / / __/ __ \/ /|_/ / _ \
 / ___ / /_/ / /_/ / / / /  / /  __/
/_/  |_\__,_/\__/_/ /_/_/  /_/\___/ 
                                    
[05-15 02:43:05]: [INFO] AuthMeReReloaded is running on Paper
[05-15 02:43:05]: [INFO] AuthMeReReloaded is enabled successfully!
[05-15 02:43:05]: [INFO] GitHub: https://github.com/HaHaWTH/AuthMeReReloaded/
[05-15 02:43:05]: [INFO] Checking for updates...
[05-15 02:43:06]: [INFO] You are running the latest version.
[05-15 02:43:12]: [INFO:FINE] DefNot logged in 0:0:0:0:0:0:0:1%0
[05-15 02:45:22]: [INFO] AuthMe 5.7.0-FORK-b53 is unloaded successfully!
[05-15 14:50:22]: [INFO] SQLite Setup finished
[05-15 14:50:22]: [INFO] Hooked into LuckPerms!
[05-15 14:50:22]: [INFO] Hooked successfully into Essentials
[05-15 14:50:22]: [INFO] Essentials spawn file not found: '/workspaces/Eaglercraft-1.12-Server-Hosting/server/plugins/Essentials/spawn.yml'
[05-15 14:50:23]: [INFO] 
    ___         __  __    __  ___   
   /   | __  __/ /_/ /_  /  |/  /__ 
  / /| |/ / / / __/ __ \/ /|_/ / _ \
 / ___ / /_/ / /_/ / / / /  / /  __/
/_/  |_\__,_/\__/_/ /_/_/  /_/\___/ 
                                    
[05-15 14:50:23]: [INFO] AuthMeReReloaded is running on Paper
[05-15 14:50:23]: [INFO] AuthMeReReloaded is enabled successfully!
[05-15 14:50:23]: [INFO] GitHub: https://github.com/HaHaWTH/AuthMeReReloaded/
[05-15 14:50:23]: [INFO] Checking for updates...
[05-15 14:50:25]: [INFO] You are running the latest version.
[05-16 02:24:23]: [INFO] SQLite Setup finished
[05-16 02:24:23]: [INFO] Hooked into LuckPerms!
[05-16 02:24:23]: [INFO] Hooked successfully into Essentials
[05-16 02:24:23]: [INFO] Essentials spawn file not found: '/workspaces/Eaglercraft-1.12-Server-Hosting/server/plugins/Essentials/spawn.yml'
[05-16 02:24:24]: [INFO] 
    ___         __  __    __  ___   
   /   | __  __/ /_/ /_  /  |/  /__ 
  / /| |/ / / / __/ __ \/ /|_/ / _ \
 / ___ / /_/ / /_/ / / / /  / /  __/
/_/  |_\__,_/\__/_/ /_/_/  /_/\___/ 
                                    
[05-16 02:24:24]: [INFO] AuthMeReReloaded is running on Paper
[05-16 02:24:24]: [INFO] AuthMeReReloaded is enabled successfully!
[05-16 02:24:24]: [INFO] GitHub: https://github.com/HaHaWTH/AuthMeReReloaded/
[05-16 02:24:24]: [INFO] Checking for updates...
[05-16 02:24:25]: [INFO] You are running the latest version.
[05-16 02:38:48]: [INFO:FINE] subto_dbzackeee5 logged in 0:0:0:0:0:0:0:1%0
